<?xml version="1.0" encoding="UTF-8"?>
<testsuite xmlns:xsi="http://www.w3.org/2001/XMLSchema-instance" xsi:noNamespaceSchemaLocation="https://maven.apache.org/surefire/maven-failsafe-plugin/xsd/failsafe-test-report-3.0.xsd" version="3.0" name="com.uma.example.springuma.MedicoServiceIT" time="3.854" tests="5" errors="0" skipped="0" failures="0">
  <properties>
[...]
</properties>
  <testcase name="deleteMedico_shouldDeleteMedico" classname="com.uma.example.springuma.MedicoServiceIT" time="0.035">
    <system-out><![CDATA[2024-05-15T18:46:10.677+02:00  INFO 9036 --- [           main] t.c.s.AnnotationConfigContextLoaderUtils : Could not detect default configuration classes for test class [com.uma.example.springuma.MedicoServiceIT]: MedicoServiceIT does not declare any static, non-private, non-final, nested classes annotated with @Configuration.
2024-05-15T18:46:10.682+02:00  INFO 9036 --- [           main] .b.t.c.SpringBootTestContextBootstrapper : Found @SpringBootConfiguration com.uma.example.springuma.SpringumaApplication for test class com.uma.example.springuma.MedicoServiceIT
2024-05-15T18:46:10.687+02:00  INFO 9036 --- [           main] o.s.b.d.r.RestartApplicationListener     : Restart disabled due to context in which it is running

  .   ____          _            __ _ _
 /\\ / ___'_ __ _ _(_)_ __  __ _ \ \ \ \
( ( )\___ | '_ | '_| | '_ \/ _` | \ \ \ \
 \\/  ___)| |_)| | | | | || (_| |  ) ) ) )
  '  |____| .__|_| |_|_| |_\__, | / / / /
 =========|_|==============|___/=/_/_/_/
 :: Spring Boot ::                (v3.2.5)

2024-05-15T18:46:10.718+02:00  INFO 9036 --- [           main] c.uma.example.springuma.MedicoServiceIT  : Starting MedicoServiceIT using Java 21.0.2 with PID 9036 (started by albadelatorres in /Users/albadelatorres/Documents/GitHub/Lab6-Mantenimiento)
2024-05-15T18:46:10.719+02:00  INFO 9036 --- [           main] c.uma.example.springuma.MedicoServiceIT  : No active profile set, falling back to 1 default profile: "default"
2024-05-15T18:46:10.994+02:00  INFO 9036 --- [           main] .s.d.r.c.RepositoryConfigurationDelegate : Bootstrapping Spring Data JPA repositories in DEFAULT mode.
2024-05-15T18:46:11.004+02:00  INFO 9036 --- [           main] .s.d.r.c.RepositoryConfigurationDelegate : Finished Spring Data repository scanning in 9 ms. Found 4 JPA repository interfaces.
2024-05-15T18:46:11.110+02:00  INFO 9036 --- [           main] o.s.b.w.embedded.tomcat.TomcatWebServer  : Tomcat initialized with port 0 (http)
2024-05-15T18:46:11.110+02:00  INFO 9036 --- [           main] o.apache.catalina.core.StandardService   : Starting service [Tomcat]
2024-05-15T18:46:11.111+02:00  INFO 9036 --- [           main] o.apache.catalina.core.StandardEngine    : Starting Servlet engine: [Apache Tomcat/10.1.20]
2024-05-15T18:46:11.130+02:00  INFO 9036 --- [           main] o.a.c.c.C.[Tomcat].[localhost].[/]       : Initializing Spring embedded WebApplicationContext
2024-05-15T18:46:11.130+02:00  INFO 9036 --- [           main] w.s.c.ServletWebServerApplicationContext : Root WebApplicationContext: initialization completed in 409 ms
Standard Commons Logging discovery in action with spring-jcl: please remove commons-logging.jar from classpath in order to avoid potential conflicts
2024-05-15T18:46:11.164+02:00  INFO 9036 --- [           main] o.hibernate.jpa.internal.util.LogHelper  : HHH000204: Processing PersistenceUnitInfo [name: default]
2024-05-15T18:46:11.166+02:00  INFO 9036 --- [           main] o.h.c.internal.RegionFactoryInitiator    : HHH000026: Second-level cache disabled
2024-05-15T18:46:11.170+02:00  INFO 9036 --- [           main] o.s.o.j.p.SpringPersistenceUnitInfo      : No LoadTimeWeaver setup: ignoring JPA class transformer
2024-05-15T18:46:11.171+02:00  INFO 9036 --- [           main] com.zaxxer.hikari.HikariDataSource       : HikariPool-6 - Starting...
2024-05-15T18:46:11.173+02:00  INFO 9036 --- [           main] com.zaxxer.hikari.pool.HikariPool        : HikariPool-6 - Added connection conn50: url=jdbc:h2:mem:test_db user=TEST
2024-05-15T18:46:11.173+02:00  INFO 9036 --- [           main] com.zaxxer.hikari.HikariDataSource       : HikariPool-6 - Start completed.
2024-05-15T18:46:11.255+02:00  INFO 9036 --- [           main] o.h.e.t.j.p.i.JtaPlatformInitiator       : HHH000489: No JTA platform available (set 'hibernate.transaction.jta.platform' to enable JTA platform integration)
2024-05-15T18:46:11.264+02:00  INFO 9036 --- [           main] j.LocalContainerEntityManagerFactoryBean : Initialized JPA EntityManagerFactory for persistence unit 'default'
2024-05-15T18:46:11.353+02:00  WARN 9036 --- [           main] JpaBaseConfiguration$JpaWebConfiguration : spring.jpa.open-in-view is enabled by default. Therefore, database queries may be performed during view rendering. Explicitly configure spring.jpa.open-in-view to disable this warning
2024-05-15T18:46:11.415+02:00  WARN 9036 --- [           main] ion$DefaultTemplateResolverConfiguration : Cannot find template location: classpath:/templates/ (please add some templates, check your Thymeleaf configuration, or set spring.thymeleaf.check-template-location=false)
2024-05-15T18:46:11.471+02:00  INFO 9036 --- [           main] o.a.c.c.C.[Tomcat].[localhost].[/]       : Initializing Spring TestDispatcherServlet ''
2024-05-15T18:46:11.471+02:00  INFO 9036 --- [           main] o.s.t.web.servlet.TestDispatcherServlet  : Initializing Servlet ''
2024-05-15T18:46:11.472+02:00  INFO 9036 --- [           main] o.s.t.web.servlet.TestDispatcherServlet  : Completed initialization in 1 ms
2024-05-15T18:46:11.485+02:00  INFO 9036 --- [           main] o.s.b.w.embedded.tomcat.TomcatWebServer  : Tomcat started on port 53577 (http) with context path ''
2024-05-15T18:46:11.490+02:00  INFO 9036 --- [           main] c.uma.example.springuma.MedicoServiceIT  : Started MedicoServiceIT in 0.803 seconds (process running for 21.023)
DNI 11111111X: nombre = MedicoName, especialidad = Traumatologo
2024-05-15T18:46:11.521+02:00  INFO 9036 --- [           main] j.LocalContainerEntityManagerFactoryBean : Closing JPA EntityManagerFactory for persistence unit 'default'
2024-05-15T18:46:11.524+02:00  INFO 9036 --- [           main] com.zaxxer.hikari.HikariDataSource       : HikariPool-6 - Shutdown initiated...
2024-05-15T18:46:11.525+02:00  INFO 9036 --- [           main] com.zaxxer.hikari.HikariDataSource       : HikariPool-6 - Shutdown completed.
]]></system-out>
  </testcase>
  <testcase name="updateMedico_shouldUpdateMedico" classname="com.uma.example.springuma.MedicoServiceIT" time="0.752">
    <system-out><![CDATA[2024-05-15T18:46:11.531+02:00  INFO 9036 --- [           main] o.s.b.d.r.RestartApplicationListener     : Restart disabled due to context in which it is running

  .   ____          _            __ _ _
 /\\ / ___'_ __ _ _(_)_ __  __ _ \ \ \ \
( ( )\___ | '_ | '_| | '_ \/ _` | \ \ \ \
 \\/  ___)| |_)| | | | | || (_| |  ) ) ) )
  '  |____| .__|_| |_|_| |_\__, | / / / /
 =========|_|==============|___/=/_/_/_/
 :: Spring Boot ::                (v3.2.5)

2024-05-15T18:46:11.552+02:00  INFO 9036 --- [           main] c.uma.example.springuma.MedicoServiceIT  : Starting MedicoServiceIT using Java 21.0.2 with PID 9036 (started by albadelatorres in /Users/albadelatorres/Documents/GitHub/Lab6-Mantenimiento)
2024-05-15T18:46:11.552+02:00  INFO 9036 --- [           main] c.uma.example.springuma.MedicoServiceIT  : No active profile set, falling back to 1 default profile: "default"
2024-05-15T18:46:11.745+02:00  INFO 9036 --- [           main] .s.d.r.c.RepositoryConfigurationDelegate : Bootstrapping Spring Data JPA repositories in DEFAULT mode.
2024-05-15T18:46:11.757+02:00  INFO 9036 --- [           main] .s.d.r.c.RepositoryConfigurationDelegate : Finished Spring Data repository scanning in 11 ms. Found 4 JPA repository interfaces.
2024-05-15T18:46:11.831+02:00  INFO 9036 --- [           main] o.s.b.w.embedded.tomcat.TomcatWebServer  : Tomcat initialized with port 0 (http)
2024-05-15T18:46:11.832+02:00  INFO 9036 --- [           main] o.apache.catalina.core.StandardService   : Starting service [Tomcat]
2024-05-15T18:46:11.832+02:00  INFO 9036 --- [           main] o.apache.catalina.core.StandardEngine    : Starting Servlet engine: [Apache Tomcat/10.1.20]
2024-05-15T18:46:11.859+02:00  INFO 9036 --- [           main] o.a.c.c.C.[Tomcat].[localhost].[/]       : Initializing Spring embedded WebApplicationContext
2024-05-15T18:46:11.859+02:00  INFO 9036 --- [           main] w.s.c.ServletWebServerApplicationContext : Root WebApplicationContext: initialization completed in 306 ms
Standard Commons Logging discovery in action with spring-jcl: please remove commons-logging.jar from classpath in order to avoid potential conflicts
2024-05-15T18:46:11.900+02:00  INFO 9036 --- [           main] o.hibernate.jpa.internal.util.LogHelper  : HHH000204: Processing PersistenceUnitInfo [name: default]
2024-05-15T18:46:11.903+02:00  INFO 9036 --- [           main] o.h.c.internal.RegionFactoryInitiator    : HHH000026: Second-level cache disabled
2024-05-15T18:46:11.908+02:00  INFO 9036 --- [           main] o.s.o.j.p.SpringPersistenceUnitInfo      : No LoadTimeWeaver setup: ignoring JPA class transformer
2024-05-15T18:46:11.909+02:00  INFO 9036 --- [           main] com.zaxxer.hikari.HikariDataSource       : HikariPool-7 - Starting...
2024-05-15T18:46:11.912+02:00  INFO 9036 --- [           main] com.zaxxer.hikari.pool.HikariPool        : HikariPool-7 - Added connection conn60: url=jdbc:h2:mem:test_db user=TEST
2024-05-15T18:46:11.913+02:00  INFO 9036 --- [           main] com.zaxxer.hikari.HikariDataSource       : HikariPool-7 - Start completed.
2024-05-15T18:46:11.990+02:00  INFO 9036 --- [           main] o.h.e.t.j.p.i.JtaPlatformInitiator       : HHH000489: No JTA platform available (set 'hibernate.transaction.jta.platform' to enable JTA platform integration)
2024-05-15T18:46:12.001+02:00  INFO 9036 --- [           main] j.LocalContainerEntityManagerFactoryBean : Initialized JPA EntityManagerFactory for persistence unit 'default'
2024-05-15T18:46:12.102+02:00  WARN 9036 --- [           main] JpaBaseConfiguration$JpaWebConfiguration : spring.jpa.open-in-view is enabled by default. Therefore, database queries may be performed during view rendering. Explicitly configure spring.jpa.open-in-view to disable this warning
2024-05-15T18:46:12.163+02:00  WARN 9036 --- [           main] ion$DefaultTemplateResolverConfiguration : Cannot find template location: classpath:/templates/ (please add some templates, check your Thymeleaf configuration, or set spring.thymeleaf.check-template-location=false)
2024-05-15T18:46:12.217+02:00  INFO 9036 --- [           main] o.a.c.c.C.[Tomcat].[localhost].[/]       : Initializing Spring TestDispatcherServlet ''
2024-05-15T18:46:12.217+02:00  INFO 9036 --- [           main] o.s.t.web.servlet.TestDispatcherServlet  : Initializing Servlet ''
2024-05-15T18:46:12.218+02:00  INFO 9036 --- [           main] o.s.t.web.servlet.TestDispatcherServlet  : Completed initialization in 0 ms
2024-05-15T18:46:12.231+02:00  INFO 9036 --- [           main] o.s.b.w.embedded.tomcat.TomcatWebServer  : Tomcat started on port 53579 (http) with context path ''
2024-05-15T18:46:12.238+02:00  INFO 9036 --- [           main] c.uma.example.springuma.MedicoServiceIT  : Started MedicoServiceIT in 0.706 seconds (process running for 21.77)
2024-05-15T18:46:12.274+02:00  INFO 9036 --- [           main] j.LocalContainerEntityManagerFactoryBean : Closing JPA EntityManagerFactory for persistence unit 'default'
2024-05-15T18:46:12.278+02:00  INFO 9036 --- [           main] com.zaxxer.hikari.HikariDataSource       : HikariPool-7 - Shutdown initiated...
2024-05-15T18:46:12.279+02:00  INFO 9036 --- [           main] com.zaxxer.hikari.HikariDataSource       : HikariPool-7 - Shutdown completed.
]]></system-out>
  </testcase>
  <testcase name="saveMedico_withIncorrectData_shouldReturnError" classname="com.uma.example.springuma.MedicoServiceIT" time="0.754">
    <system-out><![CDATA[2024-05-15T18:46:12.285+02:00  INFO 9036 --- [           main] o.s.b.d.r.RestartApplicationListener     : Restart disabled due to context in which it is running

  .   ____          _            __ _ _
 /\\ / ___'_ __ _ _(_)_ __  __ _ \ \ \ \
( ( )\___ | '_ | '_| | '_ \/ _` | \ \ \ \
 \\/  ___)| |_)| | | | | || (_| |  ) ) ) )
  '  |____| .__|_| |_|_| |_\__, | / / / /
 =========|_|==============|___/=/_/_/_/
 :: Spring Boot ::                (v3.2.5)

2024-05-15T18:46:12.304+02:00  INFO 9036 --- [           main] c.uma.example.springuma.MedicoServiceIT  : Starting MedicoServiceIT using Java 21.0.2 with PID 9036 (started by albadelatorres in /Users/albadelatorres/Documents/GitHub/Lab6-Mantenimiento)
2024-05-15T18:46:12.304+02:00  INFO 9036 --- [           main] c.uma.example.springuma.MedicoServiceIT  : No active profile set, falling back to 1 default profile: "default"
2024-05-15T18:46:12.534+02:00  INFO 9036 --- [           main] .s.d.r.c.RepositoryConfigurationDelegate : Bootstrapping Spring Data JPA repositories in DEFAULT mode.
2024-05-15T18:46:12.549+02:00  INFO 9036 --- [           main] .s.d.r.c.RepositoryConfigurationDelegate : Finished Spring Data repository scanning in 13 ms. Found 4 JPA repository interfaces.
2024-05-15T18:46:12.615+02:00  INFO 9036 --- [           main] o.s.b.w.embedded.tomcat.TomcatWebServer  : Tomcat initialized with port 0 (http)
2024-05-15T18:46:12.616+02:00  INFO 9036 --- [           main] o.apache.catalina.core.StandardService   : Starting service [Tomcat]
2024-05-15T18:46:12.616+02:00  INFO 9036 --- [           main] o.apache.catalina.core.StandardEngine    : Starting Servlet engine: [Apache Tomcat/10.1.20]
2024-05-15T18:46:12.635+02:00  INFO 9036 --- [           main] o.a.c.c.C.[Tomcat].[localhost].[/]       : Initializing Spring embedded WebApplicationContext
2024-05-15T18:46:12.635+02:00  INFO 9036 --- [           main] w.s.c.ServletWebServerApplicationContext : Root WebApplicationContext: initialization completed in 329 ms
Standard Commons Logging discovery in action with spring-jcl: please remove commons-logging.jar from classpath in order to avoid potential conflicts
2024-05-15T18:46:12.676+02:00  INFO 9036 --- [           main] o.hibernate.jpa.internal.util.LogHelper  : HHH000204: Processing PersistenceUnitInfo [name: default]
2024-05-15T18:46:12.678+02:00  INFO 9036 --- [           main] o.h.c.internal.RegionFactoryInitiator    : HHH000026: Second-level cache disabled
2024-05-15T18:46:12.682+02:00  INFO 9036 --- [           main] o.s.o.j.p.SpringPersistenceUnitInfo      : No LoadTimeWeaver setup: ignoring JPA class transformer
2024-05-15T18:46:12.683+02:00  INFO 9036 --- [           main] com.zaxxer.hikari.HikariDataSource       : HikariPool-8 - Starting...
2024-05-15T18:46:12.686+02:00  INFO 9036 --- [           main] com.zaxxer.hikari.pool.HikariPool        : HikariPool-8 - Added connection conn70: url=jdbc:h2:mem:test_db user=TEST
2024-05-15T18:46:12.686+02:00  INFO 9036 --- [           main] com.zaxxer.hikari.HikariDataSource       : HikariPool-8 - Start completed.
2024-05-15T18:46:12.759+02:00  INFO 9036 --- [           main] o.h.e.t.j.p.i.JtaPlatformInitiator       : HHH000489: No JTA platform available (set 'hibernate.transaction.jta.platform' to enable JTA platform integration)
2024-05-15T18:46:12.769+02:00  INFO 9036 --- [           main] j.LocalContainerEntityManagerFactoryBean : Initialized JPA EntityManagerFactory for persistence unit 'default'
2024-05-15T18:46:12.866+02:00  WARN 9036 --- [           main] JpaBaseConfiguration$JpaWebConfiguration : spring.jpa.open-in-view is enabled by default. Therefore, database queries may be performed during view rendering. Explicitly configure spring.jpa.open-in-view to disable this warning
2024-05-15T18:46:12.926+02:00  WARN 9036 --- [           main] ion$DefaultTemplateResolverConfiguration : Cannot find template location: classpath:/templates/ (please add some templates, check your Thymeleaf configuration, or set spring.thymeleaf.check-template-location=false)
2024-05-15T18:46:12.978+02:00  INFO 9036 --- [           main] o.a.c.c.C.[Tomcat].[localhost].[/]       : Initializing Spring TestDispatcherServlet ''
2024-05-15T18:46:12.978+02:00  INFO 9036 --- [           main] o.s.t.web.servlet.TestDispatcherServlet  : Initializing Servlet ''
2024-05-15T18:46:12.979+02:00  INFO 9036 --- [           main] o.s.t.web.servlet.TestDispatcherServlet  : Completed initialization in 1 ms
2024-05-15T18:46:12.993+02:00  INFO 9036 --- [           main] o.s.b.w.embedded.tomcat.TomcatWebServer  : Tomcat started on port 53581 (http) with context path ''
2024-05-15T18:46:13.003+02:00  INFO 9036 --- [           main] c.uma.example.springuma.MedicoServiceIT  : Started MedicoServiceIT in 0.718 seconds (process running for 22.535)
2024-05-15T18:46:13.018+02:00  WARN 9036 --- [           main] o.h.engine.jdbc.spi.SqlExceptionHelper   : SQL Error: 23505, SQLState: 23505
2024-05-15T18:46:13.018+02:00 ERROR 9036 --- [           main] o.h.engine.jdbc.spi.SqlExceptionHelper   : Violación de indice de Unicidad ó Clave primaria: "PUBLIC.CONSTRAINT_INDEX_8 ON PUBLIC.MEDICO(DNI NULLS FIRST) VALUES ( /* 1 */ '11111111X' )"
Unique index or primary key violation: "PUBLIC.CONSTRAINT_INDEX_8 ON PUBLIC.MEDICO(DNI NULLS FIRST) VALUES ( /* 1 */ '11111111X' )"; SQL statement:
insert into medico (dni,especialidad,nombre,id) values (?,?,?,?) [23505-224]
2024-05-15T18:46:13.027+02:00  INFO 9036 --- [           main] j.LocalContainerEntityManagerFactoryBean : Closing JPA EntityManagerFactory for persistence unit 'default'
2024-05-15T18:46:13.031+02:00  INFO 9036 --- [           main] com.zaxxer.hikari.HikariDataSource       : HikariPool-8 - Shutdown initiated...
2024-05-15T18:46:13.032+02:00  INFO 9036 --- [           main] com.zaxxer.hikari.HikariDataSource       : HikariPool-8 - Shutdown completed.
]]></system-out>
  </testcase>
  <testcase name="getMedico_withMedicosInBdd_shouldReturnMedico" classname="com.uma.example.springuma.MedicoServiceIT" time="0.665">
    <system-out><![CDATA[2024-05-15T18:46:13.038+02:00  INFO 9036 --- [           main] o.s.b.d.r.RestartApplicationListener     : Restart disabled due to context in which it is running

  .   ____          _            __ _ _
 /\\ / ___'_ __ _ _(_)_ __  __ _ \ \ \ \
( ( )\___ | '_ | '_| | '_ \/ _` | \ \ \ \
 \\/  ___)| |_)| | | | | || (_| |  ) ) ) )
  '  |____| .__|_| |_|_| |_\__, | / / / /
 =========|_|==============|___/=/_/_/_/
 :: Spring Boot ::                (v3.2.5)

2024-05-15T18:46:13.062+02:00  INFO 9036 --- [           main] c.uma.example.springuma.MedicoServiceIT  : Starting MedicoServiceIT using Java 21.0.2 with PID 9036 (started by albadelatorres in /Users/albadelatorres/Documents/GitHub/Lab6-Mantenimiento)
2024-05-15T18:46:13.062+02:00  INFO 9036 --- [           main] c.uma.example.springuma.MedicoServiceIT  : No active profile set, falling back to 1 default profile: "default"
2024-05-15T18:46:13.225+02:00  INFO 9036 --- [           main] .s.d.r.c.RepositoryConfigurationDelegate : Bootstrapping Spring Data JPA repositories in DEFAULT mode.
2024-05-15T18:46:13.234+02:00  INFO 9036 --- [           main] .s.d.r.c.RepositoryConfigurationDelegate : Finished Spring Data repository scanning in 8 ms. Found 4 JPA repository interfaces.
2024-05-15T18:46:13.304+02:00  INFO 9036 --- [           main] o.s.b.w.embedded.tomcat.TomcatWebServer  : Tomcat initialized with port 0 (http)
2024-05-15T18:46:13.305+02:00  INFO 9036 --- [           main] o.apache.catalina.core.StandardService   : Starting service [Tomcat]
2024-05-15T18:46:13.305+02:00  INFO 9036 --- [           main] o.apache.catalina.core.StandardEngine    : Starting Servlet engine: [Apache Tomcat/10.1.20]
2024-05-15T18:46:13.324+02:00  INFO 9036 --- [           main] o.a.c.c.C.[Tomcat].[localhost].[/]       : Initializing Spring embedded WebApplicationContext
2024-05-15T18:46:13.324+02:00  INFO 9036 --- [           main] w.s.c.ServletWebServerApplicationContext : Root WebApplicationContext: initialization completed in 260 ms
Standard Commons Logging discovery in action with spring-jcl: please remove commons-logging.jar from classpath in order to avoid potential conflicts
2024-05-15T18:46:13.355+02:00  INFO 9036 --- [           main] o.hibernate.jpa.internal.util.LogHelper  : HHH000204: Processing PersistenceUnitInfo [name: default]
2024-05-15T18:46:13.357+02:00  INFO 9036 --- [           main] o.h.c.internal.RegionFactoryInitiator    : HHH000026: Second-level cache disabled
2024-05-15T18:46:13.360+02:00  INFO 9036 --- [           main] o.s.o.j.p.SpringPersistenceUnitInfo      : No LoadTimeWeaver setup: ignoring JPA class transformer
2024-05-15T18:46:13.361+02:00  INFO 9036 --- [           main] com.zaxxer.hikari.HikariDataSource       : HikariPool-9 - Starting...
2024-05-15T18:46:13.363+02:00  INFO 9036 --- [           main] com.zaxxer.hikari.pool.HikariPool        : HikariPool-9 - Added connection conn80: url=jdbc:h2:mem:test_db user=TEST
2024-05-15T18:46:13.363+02:00  INFO 9036 --- [           main] com.zaxxer.hikari.HikariDataSource       : HikariPool-9 - Start completed.
2024-05-15T18:46:13.431+02:00  INFO 9036 --- [           main] o.h.e.t.j.p.i.JtaPlatformInitiator       : HHH000489: No JTA platform available (set 'hibernate.transaction.jta.platform' to enable JTA platform integration)
2024-05-15T18:46:13.439+02:00  INFO 9036 --- [           main] j.LocalContainerEntityManagerFactoryBean : Initialized JPA EntityManagerFactory for persistence unit 'default'
2024-05-15T18:46:13.525+02:00  WARN 9036 --- [           main] JpaBaseConfiguration$JpaWebConfiguration : spring.jpa.open-in-view is enabled by default. Therefore, database queries may be performed during view rendering. Explicitly configure spring.jpa.open-in-view to disable this warning
2024-05-15T18:46:13.589+02:00  WARN 9036 --- [           main] ion$DefaultTemplateResolverConfiguration : Cannot find template location: classpath:/templates/ (please add some templates, check your Thymeleaf configuration, or set spring.thymeleaf.check-template-location=false)
2024-05-15T18:46:13.637+02:00  INFO 9036 --- [           main] o.a.c.c.C.[Tomcat].[localhost].[/]       : Initializing Spring TestDispatcherServlet ''
2024-05-15T18:46:13.637+02:00  INFO 9036 --- [           main] o.s.t.web.servlet.TestDispatcherServlet  : Initializing Servlet ''
2024-05-15T18:46:13.638+02:00  INFO 9036 --- [           main] o.s.t.web.servlet.TestDispatcherServlet  : Completed initialization in 1 ms
2024-05-15T18:46:13.662+02:00  INFO 9036 --- [           main] o.s.b.w.embedded.tomcat.TomcatWebServer  : Tomcat started on port 53583 (http) with context path ''
2024-05-15T18:46:13.665+02:00  INFO 9036 --- [           main] c.uma.example.springuma.MedicoServiceIT  : Started MedicoServiceIT in 0.627 seconds (process running for 23.197)

MockHttpServletRequest:
      HTTP Method = GET
      Request URI = /medico/1
       Parameters = {}
          Headers = []
             Body = null
    Session Attrs = {}

Handler:
             Type = com.uma.example.springuma.controller.MedicoController
           Method = com.uma.example.springuma.controller.MedicoController#getMedico(Long)

Async:
    Async started = false
     Async result = null

Resolved Exception:
             Type = null

ModelAndView:
        View name = null
             View = null
            Model = null

FlashMap:
       Attributes = null

MockHttpServletResponse:
           Status = 200
    Error message = null
          Headers = [Vary:"Origin", "Access-Control-Request-Method", "Access-Control-Request-Headers", Content-Type:"application/json"]
     Content type = application/json
             Body = {"id":1,"dni":"11111111X","nombre":"MedicoName","especialidad":"Traumatologo"}
    Forwarded URL = null
   Redirected URL = null
          Cookies = []
2024-05-15T18:46:13.694+02:00  INFO 9036 --- [           main] j.LocalContainerEntityManagerFactoryBean : Closing JPA EntityManagerFactory for persistence unit 'default'
2024-05-15T18:46:13.697+02:00  INFO 9036 --- [           main] com.zaxxer.hikari.HikariDataSource       : HikariPool-9 - Shutdown initiated...
2024-05-15T18:46:13.698+02:00  INFO 9036 --- [           main] com.zaxxer.hikari.HikariDataSource       : HikariPool-9 - Shutdown completed.
]]></system-out>
  </testcase>
  <testcase name="getMedicoByDni_withMedicosInBdd_shouldReturnMedicoByDni" classname="com.uma.example.springuma.MedicoServiceIT" time="0.825">
    <system-out><![CDATA[2024-05-15T18:46:13.704+02:00  INFO 9036 --- [           main] o.s.b.d.r.RestartApplicationListener     : Restart disabled due to context in which it is running

  .   ____          _            __ _ _
 /\\ / ___'_ __ _ _(_)_ __  __ _ \ \ \ \
( ( )\___ | '_ | '_| | '_ \/ _` | \ \ \ \
 \\/  ___)| |_)| | | | | || (_| |  ) ) ) )
  '  |____| .__|_| |_|_| |_\__, | / / / /
 =========|_|==============|___/=/_/_/_/
 :: Spring Boot ::                (v3.2.5)

2024-05-15T18:46:13.726+02:00  INFO 9036 --- [           main] c.uma.example.springuma.MedicoServiceIT  : Starting MedicoServiceIT using Java 21.0.2 with PID 9036 (started by albadelatorres in /Users/albadelatorres/Documents/GitHub/Lab6-Mantenimiento)
2024-05-15T18:46:13.726+02:00  INFO 9036 --- [           main] c.uma.example.springuma.MedicoServiceIT  : No active profile set, falling back to 1 default profile: "default"
2024-05-15T18:46:13.929+02:00  INFO 9036 --- [           main] .s.d.r.c.RepositoryConfigurationDelegate : Bootstrapping Spring Data JPA repositories in DEFAULT mode.
2024-05-15T18:46:13.938+02:00  INFO 9036 --- [           main] .s.d.r.c.RepositoryConfigurationDelegate : Finished Spring Data repository scanning in 8 ms. Found 4 JPA repository interfaces.
2024-05-15T18:46:14.002+02:00  INFO 9036 --- [           main] o.s.b.w.embedded.tomcat.TomcatWebServer  : Tomcat initialized with port 0 (http)
2024-05-15T18:46:14.003+02:00  INFO 9036 --- [           main] o.apache.catalina.core.StandardService   : Starting service [Tomcat]
2024-05-15T18:46:14.003+02:00  INFO 9036 --- [           main] o.apache.catalina.core.StandardEngine    : Starting Servlet engine: [Apache Tomcat/10.1.20]
2024-05-15T18:46:14.022+02:00  INFO 9036 --- [           main] o.a.c.c.C.[Tomcat].[localhost].[/]       : Initializing Spring embedded WebApplicationContext
2024-05-15T18:46:14.022+02:00  INFO 9036 --- [           main] w.s.c.ServletWebServerApplicationContext : Root WebApplicationContext: initialization completed in 294 ms
Standard Commons Logging discovery in action with spring-jcl: please remove commons-logging.jar from classpath in order to avoid potential conflicts
2024-05-15T18:46:14.057+02:00  INFO 9036 --- [           main] o.hibernate.jpa.internal.util.LogHelper  : HHH000204: Processing PersistenceUnitInfo [name: default]
2024-05-15T18:46:14.059+02:00  INFO 9036 --- [           main] o.h.c.internal.RegionFactoryInitiator    : HHH000026: Second-level cache disabled
2024-05-15T18:46:14.062+02:00  INFO 9036 --- [           main] o.s.o.j.p.SpringPersistenceUnitInfo      : No LoadTimeWeaver setup: ignoring JPA class transformer
2024-05-15T18:46:14.063+02:00  INFO 9036 --- [           main] com.zaxxer.hikari.HikariDataSource       : HikariPool-10 - Starting...
2024-05-15T18:46:14.065+02:00  INFO 9036 --- [           main] com.zaxxer.hikari.pool.HikariPool        : HikariPool-10 - Added connection conn90: url=jdbc:h2:mem:test_db user=TEST
2024-05-15T18:46:14.065+02:00  INFO 9036 --- [           main] com.zaxxer.hikari.HikariDataSource       : HikariPool-10 - Start completed.
2024-05-15T18:46:14.130+02:00  INFO 9036 --- [           main] o.h.e.t.j.p.i.JtaPlatformInitiator       : HHH000489: No JTA platform available (set 'hibernate.transaction.jta.platform' to enable JTA platform integration)
2024-05-15T18:46:14.140+02:00  INFO 9036 --- [           main] j.LocalContainerEntityManagerFactoryBean : Initialized JPA EntityManagerFactory for persistence unit 'default'
2024-05-15T18:46:14.221+02:00  WARN 9036 --- [           main] JpaBaseConfiguration$JpaWebConfiguration : spring.jpa.open-in-view is enabled by default. Therefore, database queries may be performed during view rendering. Explicitly configure spring.jpa.open-in-view to disable this warning
2024-05-15T18:46:14.278+02:00  WARN 9036 --- [           main] ion$DefaultTemplateResolverConfiguration : Cannot find template location: classpath:/templates/ (please add some templates, check your Thymeleaf configuration, or set spring.thymeleaf.check-template-location=false)
2024-05-15T18:46:14.328+02:00  INFO 9036 --- [           main] o.a.c.c.C.[Tomcat].[localhost].[/]       : Initializing Spring TestDispatcherServlet ''
2024-05-15T18:46:14.328+02:00  INFO 9036 --- [           main] o.s.t.web.servlet.TestDispatcherServlet  : Initializing Servlet ''
2024-05-15T18:46:14.329+02:00  INFO 9036 --- [           main] o.s.t.web.servlet.TestDispatcherServlet  : Completed initialization in 1 ms
2024-05-15T18:46:14.342+02:00  INFO 9036 --- [           main] o.s.b.w.embedded.tomcat.TomcatWebServer  : Tomcat started on port 53585 (http) with context path ''
2024-05-15T18:46:14.345+02:00  INFO 9036 --- [           main] c.uma.example.springuma.MedicoServiceIT  : Started MedicoServiceIT in 0.641 seconds (process running for 23.878)
2024-05-15T18:46:14.520+02:00  INFO 9036 --- [           main] j.LocalContainerEntityManagerFactoryBean : Closing JPA EntityManagerFactory for persistence unit 'default'
2024-05-15T18:46:14.522+02:00  INFO 9036 --- [           main] com.zaxxer.hikari.HikariDataSource       : HikariPool-10 - Shutdown initiated...
2024-05-15T18:46:14.523+02:00  INFO 9036 --- [           main] com.zaxxer.hikari.HikariDataSource       : HikariPool-10 - Shutdown completed.
]]></system-out>
  </testcase>
</testsuite>