<?xml version="1.0" encoding="UTF-8"?>
<testsuite xmlns:xsi="http://www.w3.org/2001/XMLSchema-instance" xsi:noNamespaceSchemaLocation="https://maven.apache.org/surefire/maven-failsafe-plugin/xsd/failsafe-test-report-3.0.xsd" version="3.0" name="com.uma.example.springuma.InformeServiceIT" time="15.774" tests="2" errors="0" skipped="0" failures="0">
  <properties>
[...]
</properties>
  <testcase name="saveInforme_shouldSaveInforme" classname="com.uma.example.springuma.InformeServiceIT" time="3.954">
    <system-out><![CDATA[Standard Commons Logging discovery in action with spring-jcl: please remove commons-logging.jar from classpath in order to avoid potential conflicts
18:45:52.593 [main] INFO org.springframework.test.context.support.AnnotationConfigContextLoaderUtils -- Could not detect default configuration classes for test class [com.uma.example.springuma.InformeServiceIT]: InformeServiceIT does not declare any static, non-private, non-final, nested classes annotated with @Configuration.
18:45:52.757 [main] INFO org.springframework.boot.test.context.SpringBootTestContextBootstrapper -- Found @SpringBootConfiguration com.uma.example.springuma.SpringumaApplication for test class com.uma.example.springuma.InformeServiceIT
18:45:52.985 [main] INFO org.springframework.boot.devtools.restart.RestartApplicationListener -- Restart disabled due to context in which it is running

  .   ____          _            __ _ _
 /\\ / ___'_ __ _ _(_)_ __  __ _ \ \ \ \
( ( )\___ | '_ | '_| | '_ \/ _` | \ \ \ \
 \\/  ___)| |_)| | | | | || (_| |  ) ) ) )
  '  |____| .__|_| |_|_| |_\__, | / / / /
 =========|_|==============|___/=/_/_/_/
 :: Spring Boot ::                (v3.2.5)

2024-05-15T18:45:53.321+02:00  INFO 9036 --- [           main] c.u.example.springuma.InformeServiceIT   : Starting InformeServiceIT using Java 21.0.2 with PID 9036 (started by albadelatorres in /Users/albadelatorres/Documents/GitHub/Lab6-Mantenimiento)
2024-05-15T18:45:53.323+02:00  INFO 9036 --- [           main] c.u.example.springuma.InformeServiceIT   : No active profile set, falling back to 1 default profile: "default"
2024-05-15T18:45:54.463+02:00  INFO 9036 --- [           main] .s.d.r.c.RepositoryConfigurationDelegate : Bootstrapping Spring Data JPA repositories in DEFAULT mode.
2024-05-15T18:45:54.656+02:00  INFO 9036 --- [           main] .s.d.r.c.RepositoryConfigurationDelegate : Finished Spring Data repository scanning in 184 ms. Found 4 JPA repository interfaces.
2024-05-15T18:45:55.408+02:00  INFO 9036 --- [           main] o.s.b.w.embedded.tomcat.TomcatWebServer  : Tomcat initialized with port 0 (http)
2024-05-15T18:45:55.426+02:00  INFO 9036 --- [           main] o.apache.catalina.core.StandardService   : Starting service [Tomcat]
2024-05-15T18:45:55.426+02:00  INFO 9036 --- [           main] o.apache.catalina.core.StandardEngine    : Starting Servlet engine: [Apache Tomcat/10.1.20]
2024-05-15T18:45:55.517+02:00  INFO 9036 --- [           main] o.a.c.c.C.[Tomcat].[localhost].[/]       : Initializing Spring embedded WebApplicationContext
2024-05-15T18:45:55.519+02:00  INFO 9036 --- [           main] w.s.c.ServletWebServerApplicationContext : Root WebApplicationContext: initialization completed in 2175 ms
Standard Commons Logging discovery in action with spring-jcl: please remove commons-logging.jar from classpath in order to avoid potential conflicts
2024-05-15T18:45:55.779+02:00  INFO 9036 --- [           main] o.hibernate.jpa.internal.util.LogHelper  : HHH000204: Processing PersistenceUnitInfo [name: default]
2024-05-15T18:45:55.867+02:00  INFO 9036 --- [           main] org.hibernate.Version                    : HHH000412: Hibernate ORM core version 6.4.4.Final
2024-05-15T18:45:55.907+02:00  INFO 9036 --- [           main] o.h.c.internal.RegionFactoryInitiator    : HHH000026: Second-level cache disabled
2024-05-15T18:45:56.226+02:00  INFO 9036 --- [           main] o.s.o.j.p.SpringPersistenceUnitInfo      : No LoadTimeWeaver setup: ignoring JPA class transformer
2024-05-15T18:45:56.255+02:00  INFO 9036 --- [           main] com.zaxxer.hikari.HikariDataSource       : HikariPool-1 - Starting...
2024-05-15T18:45:56.529+02:00  INFO 9036 --- [           main] com.zaxxer.hikari.pool.HikariPool        : HikariPool-1 - Added connection conn0: url=jdbc:h2:mem:test_db user=TEST
2024-05-15T18:45:56.531+02:00  INFO 9036 --- [           main] com.zaxxer.hikari.HikariDataSource       : HikariPool-1 - Start completed.
2024-05-15T18:45:57.735+02:00  INFO 9036 --- [           main] o.h.e.t.j.p.i.JtaPlatformInitiator       : HHH000489: No JTA platform available (set 'hibernate.transaction.jta.platform' to enable JTA platform integration)
2024-05-15T18:45:57.821+02:00  INFO 9036 --- [           main] j.LocalContainerEntityManagerFactoryBean : Initialized JPA EntityManagerFactory for persistence unit 'default'
2024-05-15T18:45:58.483+02:00  WARN 9036 --- [           main] JpaBaseConfiguration$JpaWebConfiguration : spring.jpa.open-in-view is enabled by default. Therefore, database queries may be performed during view rendering. Explicitly configure spring.jpa.open-in-view to disable this warning
2024-05-15T18:45:58.829+02:00  WARN 9036 --- [           main] ion$DefaultTemplateResolverConfiguration : Cannot find template location: classpath:/templates/ (please add some templates, check your Thymeleaf configuration, or set spring.thymeleaf.check-template-location=false)
2024-05-15T18:45:59.081+02:00  INFO 9036 --- [           main] o.a.c.c.C.[Tomcat].[localhost].[/]       : Initializing Spring TestDispatcherServlet ''
2024-05-15T18:45:59.082+02:00  INFO 9036 --- [           main] o.s.t.web.servlet.TestDispatcherServlet  : Initializing Servlet ''
2024-05-15T18:45:59.084+02:00  INFO 9036 --- [           main] o.s.t.web.servlet.TestDispatcherServlet  : Completed initialization in 2 ms
2024-05-15T18:45:59.253+02:00  INFO 9036 --- [           main] o.s.b.w.embedded.tomcat.TomcatWebServer  : Tomcat started on port 53563 (http) with context path ''
2024-05-15T18:45:59.267+02:00  INFO 9036 --- [           main] c.u.example.springuma.InformeServiceIT   : Started InformeServiceIT in 6.295 seconds (process running for 8.8)
2024-05-15T18:46:00.055+02:00  INFO 9036 --- [o-auto-1-exec-1] o.a.c.c.C.[Tomcat].[localhost].[/]       : Initializing Spring DispatcherServlet 'dispatcherServlet'
2024-05-15T18:46:00.055+02:00  INFO 9036 --- [o-auto-1-exec-1] o.s.web.servlet.DispatcherServlet        : Initializing Servlet 'dispatcherServlet'
2024-05-15T18:46:00.057+02:00  INFO 9036 --- [o-auto-1-exec-1] o.s.web.servlet.DispatcherServlet        : Completed initialization in 1 ms
resp
{LABEL_1=0.015518631786108017, LABEL_0=0.984481368213892}
resp
{LABEL_1=0.015518631786108017, LABEL_0=0.984481368213892}
Not cancer (label 0),  score: 0.984481368213892
2024-05-15T18:46:04.238+02:00  INFO 9036 --- [           main] j.LocalContainerEntityManagerFactoryBean : Closing JPA EntityManagerFactory for persistence unit 'default'
2024-05-15T18:46:04.246+02:00  INFO 9036 --- [           main] com.zaxxer.hikari.HikariDataSource       : HikariPool-1 - Shutdown initiated...
2024-05-15T18:46:04.248+02:00  INFO 9036 --- [           main] com.zaxxer.hikari.HikariDataSource       : HikariPool-1 - Shutdown completed.
]]></system-out>
    <system-err><![CDATA[WARNING: A Java agent has been loaded dynamically (/Users/albadelatorres/.m2/repository/net/bytebuddy/byte-buddy-agent/1.14.13/byte-buddy-agent-1.14.13.jar)
WARNING: If a serviceability tool is in use, please run with -XX:+EnableDynamicAgentLoading to hide this warning
WARNING: If a serviceability tool is not in use, please run with -Djdk.instrument.traceUsage for more information
WARNING: Dynamic loading of agents will be disallowed by default in a future release
]]></system-err>
  </testcase>
  <testcase name="deleteInforme_shouldDeleteInforme" classname="com.uma.example.springuma.InformeServiceIT" time="3.577">
    <system-out><![CDATA[2024-05-15T18:46:04.271+02:00  INFO 9036 --- [           main] o.s.b.d.r.RestartApplicationListener     : Restart disabled due to context in which it is running

  .   ____          _            __ _ _
 /\\ / ___'_ __ _ _(_)_ __  __ _ \ \ \ \
( ( )\___ | '_ | '_| | '_ \/ _` | \ \ \ \
 \\/  ___)| |_)| | | | | || (_| |  ) ) ) )
  '  |____| .__|_| |_|_| |_\__, | / / / /
 =========|_|==============|___/=/_/_/_/
 :: Spring Boot ::                (v3.2.5)

2024-05-15T18:46:04.308+02:00  INFO 9036 --- [           main] c.u.example.springuma.InformeServiceIT   : Starting InformeServiceIT using Java 21.0.2 with PID 9036 (started by albadelatorres in /Users/albadelatorres/Documents/GitHub/Lab6-Mantenimiento)
2024-05-15T18:46:04.309+02:00  INFO 9036 --- [           main] c.u.example.springuma.InformeServiceIT   : No active profile set, falling back to 1 default profile: "default"
2024-05-15T18:46:04.603+02:00  INFO 9036 --- [           main] .s.d.r.c.RepositoryConfigurationDelegate : Bootstrapping Spring Data JPA repositories in DEFAULT mode.
2024-05-15T18:46:04.615+02:00  INFO 9036 --- [           main] .s.d.r.c.RepositoryConfigurationDelegate : Finished Spring Data repository scanning in 11 ms. Found 4 JPA repository interfaces.
2024-05-15T18:46:04.737+02:00  INFO 9036 --- [           main] o.s.b.w.embedded.tomcat.TomcatWebServer  : Tomcat initialized with port 0 (http)
2024-05-15T18:46:04.739+02:00  INFO 9036 --- [           main] o.apache.catalina.core.StandardService   : Starting service [Tomcat]
2024-05-15T18:46:04.739+02:00  INFO 9036 --- [           main] o.apache.catalina.core.StandardEngine    : Starting Servlet engine: [Apache Tomcat/10.1.20]
2024-05-15T18:46:04.765+02:00  INFO 9036 --- [           main] o.a.c.c.C.[Tomcat].[localhost].[/]       : Initializing Spring embedded WebApplicationContext
2024-05-15T18:46:04.766+02:00  INFO 9036 --- [           main] w.s.c.ServletWebServerApplicationContext : Root WebApplicationContext: initialization completed in 454 ms
Standard Commons Logging discovery in action with spring-jcl: please remove commons-logging.jar from classpath in order to avoid potential conflicts
2024-05-15T18:46:04.824+02:00  INFO 9036 --- [           main] o.hibernate.jpa.internal.util.LogHelper  : HHH000204: Processing PersistenceUnitInfo [name: default]
2024-05-15T18:46:04.827+02:00  INFO 9036 --- [           main] o.h.c.internal.RegionFactoryInitiator    : HHH000026: Second-level cache disabled
2024-05-15T18:46:04.831+02:00  INFO 9036 --- [           main] o.s.o.j.p.SpringPersistenceUnitInfo      : No LoadTimeWeaver setup: ignoring JPA class transformer
2024-05-15T18:46:04.832+02:00  INFO 9036 --- [           main] com.zaxxer.hikari.HikariDataSource       : HikariPool-2 - Starting...
2024-05-15T18:46:04.834+02:00  INFO 9036 --- [           main] com.zaxxer.hikari.pool.HikariPool        : HikariPool-2 - Added connection conn10: url=jdbc:h2:mem:test_db user=TEST
2024-05-15T18:46:04.835+02:00  INFO 9036 --- [           main] com.zaxxer.hikari.HikariDataSource       : HikariPool-2 - Start completed.
2024-05-15T18:46:04.960+02:00  INFO 9036 --- [           main] o.h.e.t.j.p.i.JtaPlatformInitiator       : HHH000489: No JTA platform available (set 'hibernate.transaction.jta.platform' to enable JTA platform integration)
2024-05-15T18:46:04.975+02:00  INFO 9036 --- [           main] j.LocalContainerEntityManagerFactoryBean : Initialized JPA EntityManagerFactory for persistence unit 'default'
2024-05-15T18:46:05.120+02:00  WARN 9036 --- [           main] JpaBaseConfiguration$JpaWebConfiguration : spring.jpa.open-in-view is enabled by default. Therefore, database queries may be performed during view rendering. Explicitly configure spring.jpa.open-in-view to disable this warning
2024-05-15T18:46:05.203+02:00  WARN 9036 --- [           main] ion$DefaultTemplateResolverConfiguration : Cannot find template location: classpath:/templates/ (please add some templates, check your Thymeleaf configuration, or set spring.thymeleaf.check-template-location=false)
2024-05-15T18:46:05.278+02:00  INFO 9036 --- [           main] o.a.c.c.C.[Tomcat].[localhost].[/]       : Initializing Spring TestDispatcherServlet ''
2024-05-15T18:46:05.278+02:00  INFO 9036 --- [           main] o.s.t.web.servlet.TestDispatcherServlet  : Initializing Servlet ''
2024-05-15T18:46:05.280+02:00  INFO 9036 --- [           main] o.s.t.web.servlet.TestDispatcherServlet  : Completed initialization in 2 ms
2024-05-15T18:46:05.308+02:00  INFO 9036 --- [           main] o.s.b.w.embedded.tomcat.TomcatWebServer  : Tomcat started on port 53567 (http) with context path ''
2024-05-15T18:46:05.319+02:00  INFO 9036 --- [           main] c.u.example.springuma.InformeServiceIT   : Started InformeServiceIT in 1.049 seconds (process running for 14.852)
2024-05-15T18:46:05.332+02:00  INFO 9036 --- [o-auto-2-exec-1] o.a.c.c.C.[Tomcat].[localhost].[/]       : Initializing Spring DispatcherServlet 'dispatcherServlet'
2024-05-15T18:46:05.332+02:00  INFO 9036 --- [o-auto-2-exec-1] o.s.web.servlet.DispatcherServlet        : Initializing Servlet 'dispatcherServlet'
2024-05-15T18:46:05.333+02:00  INFO 9036 --- [o-auto-2-exec-1] o.s.web.servlet.DispatcherServlet        : Completed initialization in 1 ms
resp
{LABEL_1=0.015518631786108017, LABEL_0=0.984481368213892}
resp
{LABEL_1=0.015518631786108017, LABEL_0=0.984481368213892}
Not cancer (label 0),  score: 0.984481368213892
2024-05-15T18:46:07.832+02:00  INFO 9036 --- [           main] j.LocalContainerEntityManagerFactoryBean : Closing JPA EntityManagerFactory for persistence unit 'default'
2024-05-15T18:46:07.839+02:00  INFO 9036 --- [           main] com.zaxxer.hikari.HikariDataSource       : HikariPool-2 - Shutdown initiated...
2024-05-15T18:46:07.840+02:00  INFO 9036 --- [           main] com.zaxxer.hikari.HikariDataSource       : HikariPool-2 - Shutdown completed.
]]></system-out>
  </testcase>
</testsuite>