<?xml version="1.0" encoding="UTF-8"?>
<testsuite xmlns:xsi="http://www.w3.org/2001/XMLSchema-instance" xsi:noNamespaceSchemaLocation="https://maven.apache.org/surefire/maven-failsafe-plugin/xsd/failsafe-test-report-3.0.xsd" version="3.0" name="com.uma.example.springuma.ImagenServiceIT" time="12.384" tests="4" errors="0" skipped="0" failures="0">
  <properties>
[...]
</properties>
  <testcase name="uploadImage_shouldUploadImage" classname="com.uma.example.springuma.ImagenServiceIT" time="2.101">
    <system-out><![CDATA[2024-05-15T18:46:14.534+02:00  INFO 9036 --- [           main] t.c.s.AnnotationConfigContextLoaderUtils : Could not detect default configuration classes for test class [com.uma.example.springuma.ImagenServiceIT]: ImagenServiceIT does not declare any static, non-private, non-final, nested classes annotated with @Configuration.
2024-05-15T18:46:14.536+02:00  INFO 9036 --- [           main] .b.t.c.SpringBootTestContextBootstrapper : Found @SpringBootConfiguration com.uma.example.springuma.SpringumaApplication for test class com.uma.example.springuma.ImagenServiceIT
2024-05-15T18:46:14.540+02:00  INFO 9036 --- [           main] o.s.b.d.r.RestartApplicationListener     : Restart disabled due to context in which it is running

  .   ____          _            __ _ _
 /\\ / ___'_ __ _ _(_)_ __  __ _ \ \ \ \
( ( )\___ | '_ | '_| | '_ \/ _` | \ \ \ \
 \\/  ___)| |_)| | | | | || (_| |  ) ) ) )
  '  |____| .__|_| |_|_| |_\__, | / / / /
 =========|_|==============|___/=/_/_/_/
 :: Spring Boot ::                (v3.2.5)

2024-05-15T18:46:14.564+02:00  INFO 9036 --- [           main] c.uma.example.springuma.ImagenServiceIT  : Starting ImagenServiceIT using Java 21.0.2 with PID 9036 (started by albadelatorres in /Users/albadelatorres/Documents/GitHub/Lab6-Mantenimiento)
2024-05-15T18:46:14.564+02:00  INFO 9036 --- [           main] c.uma.example.springuma.ImagenServiceIT  : No active profile set, falling back to 1 default profile: "default"
2024-05-15T18:46:14.774+02:00  INFO 9036 --- [           main] .s.d.r.c.RepositoryConfigurationDelegate : Bootstrapping Spring Data JPA repositories in DEFAULT mode.
2024-05-15T18:46:14.785+02:00  INFO 9036 --- [           main] .s.d.r.c.RepositoryConfigurationDelegate : Finished Spring Data repository scanning in 10 ms. Found 4 JPA repository interfaces.
2024-05-15T18:46:14.881+02:00  INFO 9036 --- [           main] o.s.b.w.embedded.tomcat.TomcatWebServer  : Tomcat initialized with port 0 (http)
2024-05-15T18:46:14.882+02:00  INFO 9036 --- [           main] o.apache.catalina.core.StandardService   : Starting service [Tomcat]
2024-05-15T18:46:14.882+02:00  INFO 9036 --- [           main] o.apache.catalina.core.StandardEngine    : Starting Servlet engine: [Apache Tomcat/10.1.20]
2024-05-15T18:46:14.908+02:00  INFO 9036 --- [           main] o.a.c.c.C.[Tomcat].[localhost].[/]       : Initializing Spring embedded WebApplicationContext
2024-05-15T18:46:14.908+02:00  INFO 9036 --- [           main] w.s.c.ServletWebServerApplicationContext : Root WebApplicationContext: initialization completed in 342 ms
Standard Commons Logging discovery in action with spring-jcl: please remove commons-logging.jar from classpath in order to avoid potential conflicts
2024-05-15T18:46:14.958+02:00  INFO 9036 --- [           main] o.hibernate.jpa.internal.util.LogHelper  : HHH000204: Processing PersistenceUnitInfo [name: default]
2024-05-15T18:46:14.961+02:00  INFO 9036 --- [           main] o.h.c.internal.RegionFactoryInitiator    : HHH000026: Second-level cache disabled
2024-05-15T18:46:14.965+02:00  INFO 9036 --- [           main] o.s.o.j.p.SpringPersistenceUnitInfo      : No LoadTimeWeaver setup: ignoring JPA class transformer
2024-05-15T18:46:14.966+02:00  INFO 9036 --- [           main] com.zaxxer.hikari.HikariDataSource       : HikariPool-11 - Starting...
2024-05-15T18:46:14.968+02:00  INFO 9036 --- [           main] com.zaxxer.hikari.pool.HikariPool        : HikariPool-11 - Added connection conn100: url=jdbc:h2:mem:test_db user=TEST
2024-05-15T18:46:14.968+02:00  INFO 9036 --- [           main] com.zaxxer.hikari.HikariDataSource       : HikariPool-11 - Start completed.
2024-05-15T18:46:15.058+02:00  INFO 9036 --- [           main] o.h.e.t.j.p.i.JtaPlatformInitiator       : HHH000489: No JTA platform available (set 'hibernate.transaction.jta.platform' to enable JTA platform integration)
2024-05-15T18:46:15.069+02:00  INFO 9036 --- [           main] j.LocalContainerEntityManagerFactoryBean : Initialized JPA EntityManagerFactory for persistence unit 'default'
2024-05-15T18:46:15.179+02:00  WARN 9036 --- [           main] JpaBaseConfiguration$JpaWebConfiguration : spring.jpa.open-in-view is enabled by default. Therefore, database queries may be performed during view rendering. Explicitly configure spring.jpa.open-in-view to disable this warning
2024-05-15T18:46:15.237+02:00  WARN 9036 --- [           main] ion$DefaultTemplateResolverConfiguration : Cannot find template location: classpath:/templates/ (please add some templates, check your Thymeleaf configuration, or set spring.thymeleaf.check-template-location=false)
2024-05-15T18:46:15.287+02:00  INFO 9036 --- [           main] o.a.c.c.C.[Tomcat].[localhost].[/]       : Initializing Spring TestDispatcherServlet ''
2024-05-15T18:46:15.287+02:00  INFO 9036 --- [           main] o.s.t.web.servlet.TestDispatcherServlet  : Initializing Servlet ''
2024-05-15T18:46:15.288+02:00  INFO 9036 --- [           main] o.s.t.web.servlet.TestDispatcherServlet  : Completed initialization in 1 ms
2024-05-15T18:46:15.303+02:00  INFO 9036 --- [           main] o.s.b.w.embedded.tomcat.TomcatWebServer  : Tomcat started on port 53587 (http) with context path ''
2024-05-15T18:46:15.308+02:00  INFO 9036 --- [           main] c.uma.example.springuma.ImagenServiceIT  : Started ImagenServiceIT in 0.769 seconds (process running for 24.84)
2024-05-15T18:46:15.325+02:00  INFO 9036 --- [-auto-11-exec-1] o.a.c.c.C.[Tomcat].[localhost].[/]       : Initializing Spring DispatcherServlet 'dispatcherServlet'
2024-05-15T18:46:15.325+02:00  INFO 9036 --- [-auto-11-exec-1] o.s.web.servlet.DispatcherServlet        : Initializing Servlet 'dispatcherServlet'
2024-05-15T18:46:15.327+02:00  INFO 9036 --- [-auto-11-exec-1] o.s.web.servlet.DispatcherServlet        : Completed initialization in 2 ms
2024-05-15T18:46:17.445+02:00  INFO 9036 --- [           main] j.LocalContainerEntityManagerFactoryBean : Closing JPA EntityManagerFactory for persistence unit 'default'
2024-05-15T18:46:17.449+02:00  INFO 9036 --- [           main] com.zaxxer.hikari.HikariDataSource       : HikariPool-11 - Shutdown initiated...
2024-05-15T18:46:17.450+02:00  INFO 9036 --- [           main] com.zaxxer.hikari.HikariDataSource       : HikariPool-11 - Shutdown completed.
]]></system-out>
  </testcase>
  <testcase name="uploadImage_shouldReturnFileUploadedSuccesfully" classname="com.uma.example.springuma.ImagenServiceIT" time="2.927">
    <system-out><![CDATA[2024-05-15T18:46:17.460+02:00  INFO 9036 --- [           main] o.s.b.d.r.RestartApplicationListener     : Restart disabled due to context in which it is running

  .   ____          _            __ _ _
 /\\ / ___'_ __ _ _(_)_ __  __ _ \ \ \ \
( ( )\___ | '_ | '_| | '_ \/ _` | \ \ \ \
 \\/  ___)| |_)| | | | | || (_| |  ) ) ) )
  '  |____| .__|_| |_|_| |_\__, | / / / /
 =========|_|==============|___/=/_/_/_/
 :: Spring Boot ::                (v3.2.5)

2024-05-15T18:46:17.488+02:00  INFO 9036 --- [           main] c.uma.example.springuma.ImagenServiceIT  : Starting ImagenServiceIT using Java 21.0.2 with PID 9036 (started by albadelatorres in /Users/albadelatorres/Documents/GitHub/Lab6-Mantenimiento)
2024-05-15T18:46:17.488+02:00  INFO 9036 --- [           main] c.uma.example.springuma.ImagenServiceIT  : No active profile set, falling back to 1 default profile: "default"
2024-05-15T18:46:17.707+02:00  INFO 9036 --- [           main] .s.d.r.c.RepositoryConfigurationDelegate : Bootstrapping Spring Data JPA repositories in DEFAULT mode.
2024-05-15T18:46:17.716+02:00  INFO 9036 --- [           main] .s.d.r.c.RepositoryConfigurationDelegate : Finished Spring Data repository scanning in 8 ms. Found 4 JPA repository interfaces.
2024-05-15T18:46:17.870+02:00  INFO 9036 --- [           main] o.s.b.w.embedded.tomcat.TomcatWebServer  : Tomcat initialized with port 0 (http)
2024-05-15T18:46:17.870+02:00  INFO 9036 --- [           main] o.apache.catalina.core.StandardService   : Starting service [Tomcat]
2024-05-15T18:46:17.871+02:00  INFO 9036 --- [           main] o.apache.catalina.core.StandardEngine    : Starting Servlet engine: [Apache Tomcat/10.1.20]
2024-05-15T18:46:17.892+02:00  INFO 9036 --- [           main] o.a.c.c.C.[Tomcat].[localhost].[/]       : Initializing Spring embedded WebApplicationContext
2024-05-15T18:46:17.892+02:00  INFO 9036 --- [           main] w.s.c.ServletWebServerApplicationContext : Root WebApplicationContext: initialization completed in 403 ms
Standard Commons Logging discovery in action with spring-jcl: please remove commons-logging.jar from classpath in order to avoid potential conflicts
2024-05-15T18:46:17.930+02:00  INFO 9036 --- [           main] o.hibernate.jpa.internal.util.LogHelper  : HHH000204: Processing PersistenceUnitInfo [name: default]
2024-05-15T18:46:17.932+02:00  INFO 9036 --- [           main] o.h.c.internal.RegionFactoryInitiator    : HHH000026: Second-level cache disabled
2024-05-15T18:46:17.935+02:00  INFO 9036 --- [           main] o.s.o.j.p.SpringPersistenceUnitInfo      : No LoadTimeWeaver setup: ignoring JPA class transformer
2024-05-15T18:46:17.936+02:00  INFO 9036 --- [           main] com.zaxxer.hikari.HikariDataSource       : HikariPool-12 - Starting...
2024-05-15T18:46:17.938+02:00  INFO 9036 --- [           main] com.zaxxer.hikari.pool.HikariPool        : HikariPool-12 - Added connection conn110: url=jdbc:h2:mem:test_db user=TEST
2024-05-15T18:46:17.938+02:00  INFO 9036 --- [           main] com.zaxxer.hikari.HikariDataSource       : HikariPool-12 - Start completed.
2024-05-15T18:46:18.016+02:00  INFO 9036 --- [           main] o.h.e.t.j.p.i.JtaPlatformInitiator       : HHH000489: No JTA platform available (set 'hibernate.transaction.jta.platform' to enable JTA platform integration)
2024-05-15T18:46:18.026+02:00  INFO 9036 --- [           main] j.LocalContainerEntityManagerFactoryBean : Initialized JPA EntityManagerFactory for persistence unit 'default'
2024-05-15T18:46:18.114+02:00  WARN 9036 --- [           main] JpaBaseConfiguration$JpaWebConfiguration : spring.jpa.open-in-view is enabled by default. Therefore, database queries may be performed during view rendering. Explicitly configure spring.jpa.open-in-view to disable this warning
2024-05-15T18:46:18.179+02:00  WARN 9036 --- [           main] ion$DefaultTemplateResolverConfiguration : Cannot find template location: classpath:/templates/ (please add some templates, check your Thymeleaf configuration, or set spring.thymeleaf.check-template-location=false)
2024-05-15T18:46:18.239+02:00  INFO 9036 --- [           main] o.a.c.c.C.[Tomcat].[localhost].[/]       : Initializing Spring TestDispatcherServlet ''
2024-05-15T18:46:18.239+02:00  INFO 9036 --- [           main] o.s.t.web.servlet.TestDispatcherServlet  : Initializing Servlet ''
2024-05-15T18:46:18.240+02:00  INFO 9036 --- [           main] o.s.t.web.servlet.TestDispatcherServlet  : Completed initialization in 1 ms
2024-05-15T18:46:18.254+02:00  INFO 9036 --- [           main] o.s.b.w.embedded.tomcat.TomcatWebServer  : Tomcat started on port 53590 (http) with context path ''
2024-05-15T18:46:18.259+02:00  INFO 9036 --- [           main] c.uma.example.springuma.ImagenServiceIT  : Started ImagenServiceIT in 0.8 seconds (process running for 27.792)
2024-05-15T18:46:18.269+02:00  INFO 9036 --- [-auto-12-exec-1] o.a.c.c.C.[Tomcat].[localhost].[/]       : Initializing Spring DispatcherServlet 'dispatcherServlet'
2024-05-15T18:46:18.269+02:00  INFO 9036 --- [-auto-12-exec-1] o.s.web.servlet.DispatcherServlet        : Initializing Servlet 'dispatcherServlet'
2024-05-15T18:46:18.270+02:00  INFO 9036 --- [-auto-12-exec-1] o.s.web.servlet.DispatcherServlet        : Completed initialization in 1 ms
2024-05-15T18:46:20.376+02:00  INFO 9036 --- [           main] j.LocalContainerEntityManagerFactoryBean : Closing JPA EntityManagerFactory for persistence unit 'default'
2024-05-15T18:46:20.379+02:00  INFO 9036 --- [           main] com.zaxxer.hikari.HikariDataSource       : HikariPool-12 - Shutdown initiated...
2024-05-15T18:46:20.380+02:00  INFO 9036 --- [           main] com.zaxxer.hikari.HikariDataSource       : HikariPool-12 - Shutdown completed.
]]></system-out>
  </testcase>
  <testcase name="predictImage_withoutCancer_shouldReturnNotCancerPrediction" classname="com.uma.example.springuma.ImagenServiceIT" time="3.061">
    <system-out><![CDATA[2024-05-15T18:46:20.386+02:00  INFO 9036 --- [           main] o.s.b.d.r.RestartApplicationListener     : Restart disabled due to context in which it is running

  .   ____          _            __ _ _
 /\\ / ___'_ __ _ _(_)_ __  __ _ \ \ \ \
( ( )\___ | '_ | '_| | '_ \/ _` | \ \ \ \
 \\/  ___)| |_)| | | | | || (_| |  ) ) ) )
  '  |____| .__|_| |_|_| |_\__, | / / / /
 =========|_|==============|___/=/_/_/_/
 :: Spring Boot ::                (v3.2.5)

2024-05-15T18:46:20.401+02:00  INFO 9036 --- [           main] c.uma.example.springuma.ImagenServiceIT  : Starting ImagenServiceIT using Java 21.0.2 with PID 9036 (started by albadelatorres in /Users/albadelatorres/Documents/GitHub/Lab6-Mantenimiento)
2024-05-15T18:46:20.401+02:00  INFO 9036 --- [           main] c.uma.example.springuma.ImagenServiceIT  : No active profile set, falling back to 1 default profile: "default"
2024-05-15T18:46:20.572+02:00  INFO 9036 --- [           main] .s.d.r.c.RepositoryConfigurationDelegate : Bootstrapping Spring Data JPA repositories in DEFAULT mode.
2024-05-15T18:46:20.583+02:00  INFO 9036 --- [           main] .s.d.r.c.RepositoryConfigurationDelegate : Finished Spring Data repository scanning in 10 ms. Found 4 JPA repository interfaces.
2024-05-15T18:46:20.659+02:00  INFO 9036 --- [           main] o.s.b.w.embedded.tomcat.TomcatWebServer  : Tomcat initialized with port 0 (http)
2024-05-15T18:46:20.660+02:00  INFO 9036 --- [           main] o.apache.catalina.core.StandardService   : Starting service [Tomcat]
2024-05-15T18:46:20.660+02:00  INFO 9036 --- [           main] o.apache.catalina.core.StandardEngine    : Starting Servlet engine: [Apache Tomcat/10.1.20]
2024-05-15T18:46:20.679+02:00  INFO 9036 --- [           main] o.a.c.c.C.[Tomcat].[localhost].[/]       : Initializing Spring embedded WebApplicationContext
2024-05-15T18:46:20.680+02:00  INFO 9036 --- [           main] w.s.c.ServletWebServerApplicationContext : Root WebApplicationContext: initialization completed in 277 ms
Standard Commons Logging discovery in action with spring-jcl: please remove commons-logging.jar from classpath in order to avoid potential conflicts
2024-05-15T18:46:20.713+02:00  INFO 9036 --- [           main] o.hibernate.jpa.internal.util.LogHelper  : HHH000204: Processing PersistenceUnitInfo [name: default]
2024-05-15T18:46:20.715+02:00  INFO 9036 --- [           main] o.h.c.internal.RegionFactoryInitiator    : HHH000026: Second-level cache disabled
2024-05-15T18:46:20.719+02:00  INFO 9036 --- [           main] o.s.o.j.p.SpringPersistenceUnitInfo      : No LoadTimeWeaver setup: ignoring JPA class transformer
2024-05-15T18:46:20.720+02:00  INFO 9036 --- [           main] com.zaxxer.hikari.HikariDataSource       : HikariPool-13 - Starting...
2024-05-15T18:46:20.722+02:00  INFO 9036 --- [           main] com.zaxxer.hikari.pool.HikariPool        : HikariPool-13 - Added connection conn120: url=jdbc:h2:mem:test_db user=TEST
2024-05-15T18:46:20.722+02:00  INFO 9036 --- [           main] com.zaxxer.hikari.HikariDataSource       : HikariPool-13 - Start completed.
2024-05-15T18:46:20.790+02:00  INFO 9036 --- [           main] o.h.e.t.j.p.i.JtaPlatformInitiator       : HHH000489: No JTA platform available (set 'hibernate.transaction.jta.platform' to enable JTA platform integration)
2024-05-15T18:46:20.798+02:00  INFO 9036 --- [           main] j.LocalContainerEntityManagerFactoryBean : Initialized JPA EntityManagerFactory for persistence unit 'default'
2024-05-15T18:46:20.883+02:00  WARN 9036 --- [           main] JpaBaseConfiguration$JpaWebConfiguration : spring.jpa.open-in-view is enabled by default. Therefore, database queries may be performed during view rendering. Explicitly configure spring.jpa.open-in-view to disable this warning
2024-05-15T18:46:20.933+02:00  WARN 9036 --- [           main] ion$DefaultTemplateResolverConfiguration : Cannot find template location: classpath:/templates/ (please add some templates, check your Thymeleaf configuration, or set spring.thymeleaf.check-template-location=false)
2024-05-15T18:46:20.981+02:00  INFO 9036 --- [           main] o.a.c.c.C.[Tomcat].[localhost].[/]       : Initializing Spring TestDispatcherServlet ''
2024-05-15T18:46:20.981+02:00  INFO 9036 --- [           main] o.s.t.web.servlet.TestDispatcherServlet  : Initializing Servlet ''
2024-05-15T18:46:20.983+02:00  INFO 9036 --- [           main] o.s.t.web.servlet.TestDispatcherServlet  : Completed initialization in 2 ms
2024-05-15T18:46:20.995+02:00  INFO 9036 --- [           main] o.s.b.w.embedded.tomcat.TomcatWebServer  : Tomcat started on port 53593 (http) with context path ''
2024-05-15T18:46:20.999+02:00  INFO 9036 --- [           main] c.uma.example.springuma.ImagenServiceIT  : Started ImagenServiceIT in 0.613 seconds (process running for 30.531)
2024-05-15T18:46:21.007+02:00  INFO 9036 --- [-auto-13-exec-1] o.a.c.c.C.[Tomcat].[localhost].[/]       : Initializing Spring DispatcherServlet 'dispatcherServlet'
2024-05-15T18:46:21.007+02:00  INFO 9036 --- [-auto-13-exec-1] o.s.web.servlet.DispatcherServlet        : Initializing Servlet 'dispatcherServlet'
2024-05-15T18:46:21.009+02:00  INFO 9036 --- [-auto-13-exec-1] o.s.web.servlet.DispatcherServlet        : Completed initialization in 2 ms
resp
{LABEL_1=0.015518631786108017, LABEL_0=0.984481368213892}
resp
{LABEL_1=0.015518631786108017, LABEL_0=0.984481368213892}
2024-05-15T18:46:23.438+02:00  INFO 9036 --- [           main] j.LocalContainerEntityManagerFactoryBean : Closing JPA EntityManagerFactory for persistence unit 'default'
2024-05-15T18:46:23.441+02:00  INFO 9036 --- [           main] com.zaxxer.hikari.HikariDataSource       : HikariPool-13 - Shutdown initiated...
2024-05-15T18:46:23.442+02:00  INFO 9036 --- [           main] com.zaxxer.hikari.HikariDataSource       : HikariPool-13 - Shutdown completed.
]]></system-out>
  </testcase>
  <testcase name="predictImage_withCancer_shouldReturnCancerPrediction" classname="com.uma.example.springuma.ImagenServiceIT" time="3.469">
    <system-out><![CDATA[2024-05-15T18:46:23.448+02:00  INFO 9036 --- [           main] o.s.b.d.r.RestartApplicationListener     : Restart disabled due to context in which it is running

  .   ____          _            __ _ _
 /\\ / ___'_ __ _ _(_)_ __  __ _ \ \ \ \
( ( )\___ | '_ | '_| | '_ \/ _` | \ \ \ \
 \\/  ___)| |_)| | | | | || (_| |  ) ) ) )
  '  |____| .__|_| |_|_| |_\__, | / / / /
 =========|_|==============|___/=/_/_/_/
 :: Spring Boot ::                (v3.2.5)

2024-05-15T18:46:23.464+02:00  INFO 9036 --- [           main] c.uma.example.springuma.ImagenServiceIT  : Starting ImagenServiceIT using Java 21.0.2 with PID 9036 (started by albadelatorres in /Users/albadelatorres/Documents/GitHub/Lab6-Mantenimiento)
2024-05-15T18:46:23.464+02:00  INFO 9036 --- [           main] c.uma.example.springuma.ImagenServiceIT  : No active profile set, falling back to 1 default profile: "default"
2024-05-15T18:46:23.627+02:00  INFO 9036 --- [           main] .s.d.r.c.RepositoryConfigurationDelegate : Bootstrapping Spring Data JPA repositories in DEFAULT mode.
2024-05-15T18:46:23.636+02:00  INFO 9036 --- [           main] .s.d.r.c.RepositoryConfigurationDelegate : Finished Spring Data repository scanning in 8 ms. Found 4 JPA repository interfaces.
2024-05-15T18:46:23.710+02:00  INFO 9036 --- [           main] o.s.b.w.embedded.tomcat.TomcatWebServer  : Tomcat initialized with port 0 (http)
2024-05-15T18:46:23.710+02:00  INFO 9036 --- [           main] o.apache.catalina.core.StandardService   : Starting service [Tomcat]
2024-05-15T18:46:23.710+02:00  INFO 9036 --- [           main] o.apache.catalina.core.StandardEngine    : Starting Servlet engine: [Apache Tomcat/10.1.20]
2024-05-15T18:46:23.732+02:00  INFO 9036 --- [           main] o.a.c.c.C.[Tomcat].[localhost].[/]       : Initializing Spring embedded WebApplicationContext
2024-05-15T18:46:23.733+02:00  INFO 9036 --- [           main] w.s.c.ServletWebServerApplicationContext : Root WebApplicationContext: initialization completed in 267 ms
Standard Commons Logging discovery in action with spring-jcl: please remove commons-logging.jar from classpath in order to avoid potential conflicts
2024-05-15T18:46:23.772+02:00  INFO 9036 --- [           main] o.hibernate.jpa.internal.util.LogHelper  : HHH000204: Processing PersistenceUnitInfo [name: default]
2024-05-15T18:46:23.774+02:00  INFO 9036 --- [           main] o.h.c.internal.RegionFactoryInitiator    : HHH000026: Second-level cache disabled
2024-05-15T18:46:23.778+02:00  INFO 9036 --- [           main] o.s.o.j.p.SpringPersistenceUnitInfo      : No LoadTimeWeaver setup: ignoring JPA class transformer
2024-05-15T18:46:23.779+02:00  INFO 9036 --- [           main] com.zaxxer.hikari.HikariDataSource       : HikariPool-14 - Starting...
2024-05-15T18:46:23.780+02:00  INFO 9036 --- [           main] com.zaxxer.hikari.pool.HikariPool        : HikariPool-14 - Added connection conn130: url=jdbc:h2:mem:test_db user=TEST
2024-05-15T18:46:23.781+02:00  INFO 9036 --- [           main] com.zaxxer.hikari.HikariDataSource       : HikariPool-14 - Start completed.
2024-05-15T18:46:23.841+02:00  INFO 9036 --- [           main] o.h.e.t.j.p.i.JtaPlatformInitiator       : HHH000489: No JTA platform available (set 'hibernate.transaction.jta.platform' to enable JTA platform integration)
2024-05-15T18:46:23.852+02:00  INFO 9036 --- [           main] j.LocalContainerEntityManagerFactoryBean : Initialized JPA EntityManagerFactory for persistence unit 'default'
2024-05-15T18:46:23.928+02:00  WARN 9036 --- [           main] JpaBaseConfiguration$JpaWebConfiguration : spring.jpa.open-in-view is enabled by default. Therefore, database queries may be performed during view rendering. Explicitly configure spring.jpa.open-in-view to disable this warning
2024-05-15T18:46:24.066+02:00  WARN 9036 --- [           main] ion$DefaultTemplateResolverConfiguration : Cannot find template location: classpath:/templates/ (please add some templates, check your Thymeleaf configuration, or set spring.thymeleaf.check-template-location=false)
2024-05-15T18:46:24.157+02:00  INFO 9036 --- [           main] o.a.c.c.C.[Tomcat].[localhost].[/]       : Initializing Spring TestDispatcherServlet ''
2024-05-15T18:46:24.157+02:00  INFO 9036 --- [           main] o.s.t.web.servlet.TestDispatcherServlet  : Initializing Servlet ''
2024-05-15T18:46:24.158+02:00  INFO 9036 --- [           main] o.s.t.web.servlet.TestDispatcherServlet  : Completed initialization in 1 ms
2024-05-15T18:46:24.168+02:00  INFO 9036 --- [           main] o.s.b.w.embedded.tomcat.TomcatWebServer  : Tomcat started on port 53597 (http) with context path ''
2024-05-15T18:46:24.172+02:00  INFO 9036 --- [           main] c.uma.example.springuma.ImagenServiceIT  : Started ImagenServiceIT in 0.724 seconds (process running for 33.704)
2024-05-15T18:46:24.181+02:00  INFO 9036 --- [-auto-14-exec-1] o.a.c.c.C.[Tomcat].[localhost].[/]       : Initializing Spring DispatcherServlet 'dispatcherServlet'
2024-05-15T18:46:24.181+02:00  INFO 9036 --- [-auto-14-exec-1] o.s.web.servlet.DispatcherServlet        : Initializing Servlet 'dispatcherServlet'
2024-05-15T18:46:24.182+02:00  INFO 9036 --- [-auto-14-exec-1] o.s.web.servlet.DispatcherServlet        : Completed initialization in 1 ms
resp
{LABEL_1=0.6412607431411743, LABEL_0=0.3587392568588257}
resp
{LABEL_1=0.6412607431411743, LABEL_0=0.3587392568588257}
2024-05-15T18:46:26.909+02:00  INFO 9036 --- [           main] j.LocalContainerEntityManagerFactoryBean : Closing JPA EntityManagerFactory for persistence unit 'default'
2024-05-15T18:46:26.911+02:00  INFO 9036 --- [           main] com.zaxxer.hikari.HikariDataSource       : HikariPool-14 - Shutdown initiated...
2024-05-15T18:46:26.912+02:00  INFO 9036 --- [           main] com.zaxxer.hikari.HikariDataSource       : HikariPool-14 - Shutdown completed.
]]></system-out>
  </testcase>
</testsuite>